[INFO] 2016-07-04 09:29:14,041 GUI.AdminJFrame login - Вход осуществлен под admin
[INFO] 2016-07-04 09:31:50,502 GUI.AdminJFrame login - Вход осуществлен под admin
[INFO] 2016-07-04 09:34:34,738 GUI.AdminJFrame login - Вход осуществлен под admin
[INFO] 2016-07-04 09:41:24,151 GUI.AdminJFrame login - Вход осуществлен под admin
[INFO] 2016-07-04 09:42:48,370 GUI.AdminJFrame login - Вход осуществлен под admin
[INFO] 2016-07-04 09:43:44,623 GUI.AdminJFrame login - Вход осуществлен под admin
[INFO] 2016-07-04 09:44:43,321 GUI.AdminJFrame login - Вход осуществлен под admin
[INFO] 2016-07-04 09:45:23,839 GUI.AdminJFrame login - Вход осуществлен под admin
[INFO] 2016-07-04 09:47:16,096 GUI.AdminJFrame login - Вход осуществлен под admin
[INFO] 2016-07-04 09:50:45,242 GUI.AdminJFrame login - Вход осуществлен под admin
[INFO] 2016-07-04 09:56:44,979 GUI.AdminJFrame login - Вход осуществлен под admin
[INFO] 2016-07-04 10:02:44,044 GUI.AdminJFrame login - Вход осуществлен под admin
[INFO] 2016-07-04 10:04:35,366 GUI.AdminJFrame login - Вход осуществлен под admin
[INFO] 2016-07-04 10:05:15,640 GUI.AdminJFrame login - Вход осуществлен под admin
[INFO] 2016-07-04 10:06:02,602 GUI.AdminJFrame login - Вход осуществлен под admin
[INFO] 2016-07-04 10:11:40,659 GUI.AdminJFrame login - Вход осуществлен под admin
[INFO] 2016-07-04 10:14:13,662 GUI.AdminJFrame login - Вход осуществлен под admin
[INFO] 2016-07-04 10:26:32,962 GUI.AdminJFrame login - Вход осуществлен под admin
[INFO] 2016-07-04 10:27:23,487 GUI.AdminJFrame login - Вход осуществлен под admin
[INFO] 2016-07-04 10:28:13,894 GUI.AdminJFrame login - Вход осуществлен под admin
[INFO] 2016-07-04 10:41:38,305 GUI.AdminJFrame login - Вход осуществлен под admin
[INFO] 2016-07-04 10:42:09,300 GUI.AdminJFrame login - Вход осуществлен под admin
[INFO] 2016-07-04 10:43:22,643 GUI.AdminJFrame login - Вход осуществлен под admin
[INFO] 2016-07-04 10:48:31,749 GUI.AdminJFrame login - Вход осуществлен под admin
[INFO] 2016-07-04 10:57:23,085 GUI.AdminJFrame login - Вход осуществлен под admin
[ERROR] 2016-07-04 10:57:25,566 GUI.AdminJFrame UpdateFapTable - java.lang.NullPointerException
java.lang.NullPointerException
	at TableModel.CrbTableModel.setDataSource(CrbTableModel.java:80)
	at GUI.AdminJFrame.UpdateFapTable(AdminJFrame.java:901)
	at GUI.AdminJFrame.ShowFapPActionPerformed(AdminJFrame.java:891)
	at GUI.AdminJFrame.access$1100(AdminJFrame.java:37)
	at GUI.AdminJFrame$11.actionPerformed(AdminJFrame.java:420)
	at javax.swing.AbstractButton.fireActionPerformed(AbstractButton.java:2022)
	at javax.swing.AbstractButton$Handler.actionPerformed(AbstractButton.java:2346)
	at javax.swing.DefaultButtonModel.fireActionPerformed(DefaultButtonModel.java:402)
	at javax.swing.DefaultButtonModel.setPressed(DefaultButtonModel.java:259)
	at javax.swing.plaf.basic.BasicButtonListener.mouseReleased(BasicButtonListener.java:252)
	at java.awt.Component.processMouseEvent(Component.java:6525)
	at javax.swing.JComponent.processMouseEvent(JComponent.java:3322)
	at java.awt.Component.processEvent(Component.java:6290)
	at java.awt.Container.processEvent(Container.java:2234)
	at java.awt.Component.dispatchEventImpl(Component.java:4881)
	at java.awt.Container.dispatchEventImpl(Container.java:2292)
	at java.awt.Component.dispatchEvent(Component.java:4703)
	at java.awt.LightweightDispatcher.retargetMouseEvent(Container.java:4898)
	at java.awt.LightweightDispatcher.processMouseEvent(Container.java:4533)
	at java.awt.LightweightDispatcher.dispatchEvent(Container.java:4462)
	at java.awt.Container.dispatchEventImpl(Container.java:2278)
	at java.awt.Window.dispatchEventImpl(Window.java:2739)
	at java.awt.Component.dispatchEvent(Component.java:4703)
	at java.awt.EventQueue.dispatchEventImpl(EventQueue.java:751)
	at java.awt.EventQueue.access$500(EventQueue.java:97)
	at java.awt.EventQueue$3.run(EventQueue.java:702)
	at java.awt.EventQueue$3.run(EventQueue.java:696)
	at java.security.AccessController.doPrivileged(Native Method)
	at java.security.ProtectionDomain$1.doIntersectionPrivilege(ProtectionDomain.java:75)
	at java.security.ProtectionDomain$1.doIntersectionPrivilege(ProtectionDomain.java:86)
	at java.awt.EventQueue$4.run(EventQueue.java:724)
	at java.awt.EventQueue$4.run(EventQueue.java:722)
	at java.security.AccessController.doPrivileged(Native Method)
	at java.security.ProtectionDomain$1.doIntersectionPrivilege(ProtectionDomain.java:75)
	at java.awt.EventQueue.dispatchEvent(EventQueue.java:721)
	at java.awt.EventDispatchThread.pumpOneEventForFilters(EventDispatchThread.java:201)
	at java.awt.EventDispatchThread.pumpEventsForFilter(EventDispatchThread.java:116)
	at java.awt.EventDispatchThread.pumpEventsForHierarchy(EventDispatchThread.java:105)
	at java.awt.EventDispatchThread.pumpEvents(EventDispatchThread.java:101)
	at java.awt.EventDispatchThread.pumpEvents(EventDispatchThread.java:93)
	at java.awt.EventDispatchThread.run(EventDispatchThread.java:82)
[INFO] 2016-07-04 10:58:03,126 GUI.AdminJFrame login - Вход осуществлен под admin
[INFO] 2016-07-04 11:02:27,070 GUI.AdminJFrame login - Вход осуществлен под admin
[INFO] 2016-07-04 11:03:09,000 GUI.AdminJFrame login - Вход осуществлен под admin
[INFO] 2016-07-04 12:07:13,850 GUI.AdminJFrame login - Вход осуществлен под admin
[ERROR] 2016-07-04 12:07:55,434 GUI.AdminJFrame login - Ошибка при вводе логина пароля
[INFO] 2016-07-04 12:10:48,816 GUI.AdminJFrame login - Вход осуществлен под admin
[ERROR] 2016-07-04 12:57:10,145 GUI.AdminJFrame login - Ошибка при вводе логина пароля
[INFO] 2016-07-04 23:10:01,289 GUI.AdminJFrame login - Ошибка при вводе пароля
[INFO] 2016-07-04 23:10:04,943 GUI.AdminJFrame login - Вход осуществлен под admin
[INFO] 2016-07-04 23:10:54,794 GUI.AdminJFrame login - Вход осуществлен под admin
