[INFO] 2016-07-03 10:57:09,768 GUI.AdminJFrame login - Вход осуществлен под admin
[INFO] 2016-07-03 10:57:16,705 Logic.GetPatientData getMainData - Получены данные из базы
[INFO] 2016-07-03 11:01:02,198 GUI.AdminJFrame login - Вход осуществлен под admin
[INFO] 2016-07-03 11:01:04,525 Logic.GetPatientData getMainData - Получены данные из базы
[INFO] 2016-07-03 11:02:10,501 GUI.AdminJFrame login - Вход осуществлен под admin
[INFO] 2016-07-03 11:02:12,470 Logic.GetPatientData getMainData - Получены данные из базы
[INFO] 2016-07-03 11:04:28,407 GUI.AdminJFrame login - Вход осуществлен под admin
[INFO] 2016-07-03 11:04:30,597 Logic.GetPatientData getMainData - Получены данные из базы
[INFO] 2016-07-03 11:05:50,483 GUI.AdminJFrame login - Вход осуществлен под admin
[INFO] 2016-07-03 11:05:52,741 Logic.GetPatientData getMainData - Получены данные из базы
[INFO] 2016-07-03 11:32:19,622 GUI.AdminJFrame login - Вход осуществлен под admin
[INFO] 2016-07-03 11:32:58,225 GUI.AdminJFrame login - Вход осуществлен под admin
[INFO] 2016-07-03 11:37:23,868 GUI.AdminJFrame login - Вход осуществлен под admin
[INFO] 2016-07-03 11:38:03,774 GUI.AdminJFrame login - Вход осуществлен под admin
[INFO] 2016-07-03 11:41:05,940 GUI.AdminJFrame login - Вход осуществлен под admin
[INFO] 2016-07-03 11:43:03,741 GUI.AdminJFrame login - Вход осуществлен под admin
[ERROR] 2016-07-03 11:43:04,510 GUI.AdminJFrame searchBut1ActionPerformed - java.sql.SQLException: Column index out of range.
java.sql.SQLException: Column index out of range.
	at com.mysql.jdbc.SQLError.createSQLException(SQLError.java:959)
	at com.mysql.jdbc.SQLError.createSQLException(SQLError.java:898)
	at com.mysql.jdbc.SQLError.createSQLException(SQLError.java:887)
	at com.mysql.jdbc.SQLError.createSQLException(SQLError.java:862)
	at com.mysql.jdbc.ResultSetMetaData.getField(ResultSetMetaData.java:395)
	at com.mysql.jdbc.ResultSetMetaData.getColumnName(ResultSetMetaData.java:243)
	at GUI.PatientTableModel.setDataSource(PatientTableModel.java:84)
	at GUI.AdminJFrame.searchBut1ActionPerformed(AdminJFrame.java:632)
	at GUI.AdminJFrame.access$800(AdminJFrame.java:36)
	at GUI.AdminJFrame$8.actionPerformed(AdminJFrame.java:288)
	at javax.swing.AbstractButton.fireActionPerformed(AbstractButton.java:2022)
	at javax.swing.AbstractButton$Handler.actionPerformed(AbstractButton.java:2346)
	at javax.swing.DefaultButtonModel.fireActionPerformed(DefaultButtonModel.java:402)
	at javax.swing.DefaultButtonModel.setPressed(DefaultButtonModel.java:259)
	at javax.swing.plaf.basic.BasicButtonListener.mouseReleased(BasicButtonListener.java:252)
	at java.awt.Component.processMouseEvent(Component.java:6525)
	at javax.swing.JComponent.processMouseEvent(JComponent.java:3322)
	at java.awt.Component.processEvent(Component.java:6290)
	at java.awt.Container.processEvent(Container.java:2234)
	at java.awt.Component.dispatchEventImpl(Component.java:4881)
	at java.awt.Container.dispatchEventImpl(Container.java:2292)
	at java.awt.Component.dispatchEvent(Component.java:4703)
	at java.awt.LightweightDispatcher.retargetMouseEvent(Container.java:4898)
	at java.awt.LightweightDispatcher.processMouseEvent(Container.java:4533)
	at java.awt.LightweightDispatcher.dispatchEvent(Container.java:4462)
	at java.awt.Container.dispatchEventImpl(Container.java:2278)
	at java.awt.Window.dispatchEventImpl(Window.java:2739)
	at java.awt.Component.dispatchEvent(Component.java:4703)
	at java.awt.EventQueue.dispatchEventImpl(EventQueue.java:751)
	at java.awt.EventQueue.access$500(EventQueue.java:97)
	at java.awt.EventQueue$3.run(EventQueue.java:702)
	at java.awt.EventQueue$3.run(EventQueue.java:696)
	at java.security.AccessController.doPrivileged(Native Method)
	at java.security.ProtectionDomain$1.doIntersectionPrivilege(ProtectionDomain.java:75)
	at java.security.ProtectionDomain$1.doIntersectionPrivilege(ProtectionDomain.java:86)
	at java.awt.EventQueue$4.run(EventQueue.java:724)
	at java.awt.EventQueue$4.run(EventQueue.java:722)
	at java.security.AccessController.doPrivileged(Native Method)
	at java.security.ProtectionDomain$1.doIntersectionPrivilege(ProtectionDomain.java:75)
	at java.awt.EventQueue.dispatchEvent(EventQueue.java:721)
	at java.awt.EventDispatchThread.pumpOneEventForFilters(EventDispatchThread.java:201)
	at java.awt.EventDispatchThread.pumpEventsForFilter(EventDispatchThread.java:116)
	at java.awt.EventDispatchThread.pumpEventsForHierarchy(EventDispatchThread.java:105)
	at java.awt.EventDispatchThread.pumpEvents(EventDispatchThread.java:101)
	at java.awt.EventDispatchThread.pumpEvents(EventDispatchThread.java:93)
	at java.awt.EventDispatchThread.run(EventDispatchThread.java:82)
[ERROR] 2016-07-03 11:54:26,773 GUI.AdminJFrame login - Ошибка при вводе логина пароля
[INFO] 2016-07-03 11:54:32,331 GUI.AdminJFrame login - Вход осуществлен под admin
[ERROR] 2016-07-03 11:54:33,712 GUI.AdminJFrame searchBut1ActionPerformed - java.sql.SQLException: Column index out of range.
java.sql.SQLException: Column index out of range.
	at com.mysql.jdbc.SQLError.createSQLException(SQLError.java:959)
	at com.mysql.jdbc.SQLError.createSQLException(SQLError.java:898)
	at com.mysql.jdbc.SQLError.createSQLException(SQLError.java:887)
	at com.mysql.jdbc.SQLError.createSQLException(SQLError.java:862)
	at com.mysql.jdbc.ResultSetMetaData.getField(ResultSetMetaData.java:395)
	at com.mysql.jdbc.ResultSetMetaData.getColumnName(ResultSetMetaData.java:243)
	at GUI.PatientTableModel.setDataSource(PatientTableModel.java:84)
	at GUI.AdminJFrame.searchBut1ActionPerformed(AdminJFrame.java:632)
	at GUI.AdminJFrame.access$800(AdminJFrame.java:36)
	at GUI.AdminJFrame$8.actionPerformed(AdminJFrame.java:288)
	at javax.swing.AbstractButton.fireActionPerformed(AbstractButton.java:2022)
	at javax.swing.AbstractButton$Handler.actionPerformed(AbstractButton.java:2346)
	at javax.swing.DefaultButtonModel.fireActionPerformed(DefaultButtonModel.java:402)
	at javax.swing.DefaultButtonModel.setPressed(DefaultButtonModel.java:259)
	at javax.swing.plaf.basic.BasicButtonListener.mouseReleased(BasicButtonListener.java:252)
	at java.awt.Component.processMouseEvent(Component.java:6525)
	at javax.swing.JComponent.processMouseEvent(JComponent.java:3322)
	at java.awt.Component.processEvent(Component.java:6290)
	at java.awt.Container.processEvent(Container.java:2234)
	at java.awt.Component.dispatchEventImpl(Component.java:4881)
	at java.awt.Container.dispatchEventImpl(Container.java:2292)
	at java.awt.Component.dispatchEvent(Component.java:4703)
	at java.awt.LightweightDispatcher.retargetMouseEvent(Container.java:4898)
	at java.awt.LightweightDispatcher.processMouseEvent(Container.java:4533)
	at java.awt.LightweightDispatcher.dispatchEvent(Container.java:4462)
	at java.awt.Container.dispatchEventImpl(Container.java:2278)
	at java.awt.Window.dispatchEventImpl(Window.java:2739)
	at java.awt.Component.dispatchEvent(Component.java:4703)
	at java.awt.EventQueue.dispatchEventImpl(EventQueue.java:751)
	at java.awt.EventQueue.access$500(EventQueue.java:97)
	at java.awt.EventQueue$3.run(EventQueue.java:702)
	at java.awt.EventQueue$3.run(EventQueue.java:696)
	at java.security.AccessController.doPrivileged(Native Method)
	at java.security.ProtectionDomain$1.doIntersectionPrivilege(ProtectionDomain.java:75)
	at java.security.ProtectionDomain$1.doIntersectionPrivilege(ProtectionDomain.java:86)
	at java.awt.EventQueue$4.run(EventQueue.java:724)
	at java.awt.EventQueue$4.run(EventQueue.java:722)
	at java.security.AccessController.doPrivileged(Native Method)
	at java.security.ProtectionDomain$1.doIntersectionPrivilege(ProtectionDomain.java:75)
	at java.awt.EventQueue.dispatchEvent(EventQueue.java:721)
	at java.awt.EventDispatchThread.pumpOneEventForFilters(EventDispatchThread.java:201)
	at java.awt.EventDispatchThread.pumpEventsForFilter(EventDispatchThread.java:116)
	at java.awt.EventDispatchThread.pumpEventsForHierarchy(EventDispatchThread.java:105)
	at java.awt.EventDispatchThread.pumpEvents(EventDispatchThread.java:101)
	at java.awt.EventDispatchThread.pumpEvents(EventDispatchThread.java:93)
	at java.awt.EventDispatchThread.run(EventDispatchThread.java:82)
[INFO] 2016-07-03 11:56:19,542 GUI.AdminJFrame login - Вход осуществлен под admin
[ERROR] 2016-07-03 11:56:20,293 GUI.AdminJFrame searchBut1ActionPerformed - java.sql.SQLException: Column index out of range.
java.sql.SQLException: Column index out of range.
	at com.mysql.jdbc.SQLError.createSQLException(SQLError.java:959)
	at com.mysql.jdbc.SQLError.createSQLException(SQLError.java:898)
	at com.mysql.jdbc.SQLError.createSQLException(SQLError.java:887)
	at com.mysql.jdbc.SQLError.createSQLException(SQLError.java:862)
	at com.mysql.jdbc.ResultSetMetaData.getField(ResultSetMetaData.java:395)
	at com.mysql.jdbc.ResultSetMetaData.getColumnName(ResultSetMetaData.java:243)
	at GUI.PatientTableModel.setDataSource(PatientTableModel.java:84)
	at GUI.AdminJFrame.searchBut1ActionPerformed(AdminJFrame.java:631)
	at GUI.AdminJFrame.access$800(AdminJFrame.java:36)
	at GUI.AdminJFrame$8.actionPerformed(AdminJFrame.java:287)
	at javax.swing.AbstractButton.fireActionPerformed(AbstractButton.java:2022)
	at javax.swing.AbstractButton$Handler.actionPerformed(AbstractButton.java:2346)
	at javax.swing.DefaultButtonModel.fireActionPerformed(DefaultButtonModel.java:402)
	at javax.swing.DefaultButtonModel.setPressed(DefaultButtonModel.java:259)
	at javax.swing.plaf.basic.BasicButtonListener.mouseReleased(BasicButtonListener.java:252)
	at java.awt.Component.processMouseEvent(Component.java:6525)
	at javax.swing.JComponent.processMouseEvent(JComponent.java:3322)
	at java.awt.Component.processEvent(Component.java:6290)
	at java.awt.Container.processEvent(Container.java:2234)
	at java.awt.Component.dispatchEventImpl(Component.java:4881)
	at java.awt.Container.dispatchEventImpl(Container.java:2292)
	at java.awt.Component.dispatchEvent(Component.java:4703)
	at java.awt.LightweightDispatcher.retargetMouseEvent(Container.java:4898)
	at java.awt.LightweightDispatcher.processMouseEvent(Container.java:4533)
	at java.awt.LightweightDispatcher.dispatchEvent(Container.java:4462)
	at java.awt.Container.dispatchEventImpl(Container.java:2278)
	at java.awt.Window.dispatchEventImpl(Window.java:2739)
	at java.awt.Component.dispatchEvent(Component.java:4703)
	at java.awt.EventQueue.dispatchEventImpl(EventQueue.java:751)
	at java.awt.EventQueue.access$500(EventQueue.java:97)
	at java.awt.EventQueue$3.run(EventQueue.java:702)
	at java.awt.EventQueue$3.run(EventQueue.java:696)
	at java.security.AccessController.doPrivileged(Native Method)
	at java.security.ProtectionDomain$1.doIntersectionPrivilege(ProtectionDomain.java:75)
	at java.security.ProtectionDomain$1.doIntersectionPrivilege(ProtectionDomain.java:86)
	at java.awt.EventQueue$4.run(EventQueue.java:724)
	at java.awt.EventQueue$4.run(EventQueue.java:722)
	at java.security.AccessController.doPrivileged(Native Method)
	at java.security.ProtectionDomain$1.doIntersectionPrivilege(ProtectionDomain.java:75)
	at java.awt.EventQueue.dispatchEvent(EventQueue.java:721)
	at java.awt.EventDispatchThread.pumpOneEventForFilters(EventDispatchThread.java:201)
	at java.awt.EventDispatchThread.pumpEventsForFilter(EventDispatchThread.java:116)
	at java.awt.EventDispatchThread.pumpEventsForHierarchy(EventDispatchThread.java:105)
	at java.awt.EventDispatchThread.pumpEvents(EventDispatchThread.java:101)
	at java.awt.EventDispatchThread.pumpEvents(EventDispatchThread.java:93)
	at java.awt.EventDispatchThread.run(EventDispatchThread.java:82)
[INFO] 2016-07-03 11:57:12,268 GUI.AdminJFrame login - Вход осуществлен под admin
[ERROR] 2016-07-03 11:57:13,400 GUI.AdminJFrame searchBut1ActionPerformed - java.sql.SQLException: Column index out of range.
java.sql.SQLException: Column index out of range.
	at com.mysql.jdbc.SQLError.createSQLException(SQLError.java:959)
	at com.mysql.jdbc.SQLError.createSQLException(SQLError.java:898)
	at com.mysql.jdbc.SQLError.createSQLException(SQLError.java:887)
	at com.mysql.jdbc.SQLError.createSQLException(SQLError.java:862)
	at com.mysql.jdbc.ResultSetMetaData.getField(ResultSetMetaData.java:395)
	at com.mysql.jdbc.ResultSetMetaData.getColumnName(ResultSetMetaData.java:243)
	at GUI.PatientTableModel.setDataSource(PatientTableModel.java:84)
	at GUI.AdminJFrame.searchBut1ActionPerformed(AdminJFrame.java:631)
	at GUI.AdminJFrame.access$800(AdminJFrame.java:36)
	at GUI.AdminJFrame$8.actionPerformed(AdminJFrame.java:287)
	at javax.swing.AbstractButton.fireActionPerformed(AbstractButton.java:2022)
	at javax.swing.AbstractButton$Handler.actionPerformed(AbstractButton.java:2346)
	at javax.swing.DefaultButtonModel.fireActionPerformed(DefaultButtonModel.java:402)
	at javax.swing.DefaultButtonModel.setPressed(DefaultButtonModel.java:259)
	at javax.swing.plaf.basic.BasicButtonListener.mouseReleased(BasicButtonListener.java:252)
	at java.awt.Component.processMouseEvent(Component.java:6525)
	at javax.swing.JComponent.processMouseEvent(JComponent.java:3322)
	at java.awt.Component.processEvent(Component.java:6290)
	at java.awt.Container.processEvent(Container.java:2234)
	at java.awt.Component.dispatchEventImpl(Component.java:4881)
	at java.awt.Container.dispatchEventImpl(Container.java:2292)
	at java.awt.Component.dispatchEvent(Component.java:4703)
	at java.awt.LightweightDispatcher.retargetMouseEvent(Container.java:4898)
	at java.awt.LightweightDispatcher.processMouseEvent(Container.java:4533)
	at java.awt.LightweightDispatcher.dispatchEvent(Container.java:4462)
	at java.awt.Container.dispatchEventImpl(Container.java:2278)
	at java.awt.Window.dispatchEventImpl(Window.java:2739)
	at java.awt.Component.dispatchEvent(Component.java:4703)
	at java.awt.EventQueue.dispatchEventImpl(EventQueue.java:751)
	at java.awt.EventQueue.access$500(EventQueue.java:97)
	at java.awt.EventQueue$3.run(EventQueue.java:702)
	at java.awt.EventQueue$3.run(EventQueue.java:696)
	at java.security.AccessController.doPrivileged(Native Method)
	at java.security.ProtectionDomain$1.doIntersectionPrivilege(ProtectionDomain.java:75)
	at java.security.ProtectionDomain$1.doIntersectionPrivilege(ProtectionDomain.java:86)
	at java.awt.EventQueue$4.run(EventQueue.java:724)
	at java.awt.EventQueue$4.run(EventQueue.java:722)
	at java.security.AccessController.doPrivileged(Native Method)
	at java.security.ProtectionDomain$1.doIntersectionPrivilege(ProtectionDomain.java:75)
	at java.awt.EventQueue.dispatchEvent(EventQueue.java:721)
	at java.awt.EventDispatchThread.pumpOneEventForFilters(EventDispatchThread.java:201)
	at java.awt.EventDispatchThread.pumpEventsForFilter(EventDispatchThread.java:116)
	at java.awt.EventDispatchThread.pumpEventsForHierarchy(EventDispatchThread.java:105)
	at java.awt.EventDispatchThread.pumpEvents(EventDispatchThread.java:101)
	at java.awt.EventDispatchThread.pumpEvents(EventDispatchThread.java:93)
	at java.awt.EventDispatchThread.run(EventDispatchThread.java:82)
[INFO] 2016-07-03 11:58:34,760 GUI.AdminJFrame login - Вход осуществлен под admin
[INFO] 2016-07-03 13:41:52,612 GUI.AdminJFrame login - Вход осуществлен под admin
[INFO] 2016-07-03 13:44:44,933 GUI.AdminJFrame login - Вход осуществлен под admin
[INFO] 2016-07-03 13:45:13,029 GUI.AdminJFrame login - Вход осуществлен под admin
[INFO] 2016-07-03 13:45:55,041 GUI.AdminJFrame login - Вход осуществлен под admin
[INFO] 2016-07-03 13:49:50,219 GUI.AdminJFrame login - Вход осуществлен под admin
