[INFO] 2016-05-23 11:07:21,394 GUI.AdminJFrame login - Вход осуществлен под admin
[INFO] 2016-05-23 11:24:12,426 GUI.AdminJFrame login - Вход осуществлен под admin
[INFO] 2016-05-23 13:28:35,096 GUI.AdminJFrame login - Вход осуществлен под admin
[INFO] 2016-05-23 14:44:10,551 GUI.AdminJFrame login - Вход осуществлен под admin
[INFO] 2016-05-23 14:44:18,195 Logic.GetPatientData getMainData - Получены данные из базы
[INFO] 2016-05-23 14:51:01,873 GUI.AdminJFrame login - Вход осуществлен под admin
[INFO] 2016-05-23 14:51:04,417 Logic.GetPatientData getMainData - Получены данные из базы
[INFO] 2016-05-23 14:51:04,729 Logic.GetPatientData getPDFData - получен pdf файл для 11
[INFO] 2016-05-23 14:52:45,586 GUI.AdminJFrame login - Вход осуществлен под admin
[INFO] 2016-05-23 14:52:59,642 Logic.GetPatientData getMainData - Получены данные из базы
[ERROR] 2016-05-23 14:53:00,125 GUI.AdminJFrame createPdfDoc - java.io.FileNotFoundException: C:\MDKTemp\РЯЗ29.3.1932ECG.pdf (Процесс не может получить доступ к файлу, так как этот файл занят другим процессом)
java.io.FileNotFoundException: C:\MDKTemp\РЯЗ29.3.1932ECG.pdf (Процесс не может получить доступ к файлу, так как этот файл занят другим процессом)
	at java.io.FileOutputStream.open(Native Method)
	at java.io.FileOutputStream.<init>(FileOutputStream.java:213)
	at java.io.FileOutputStream.<init>(FileOutputStream.java:101)
	at GUI.AdminJFrame.createPdfDoc(AdminJFrame.java:616)
	at GUI.AdminJFrame.saveFileActionPerformed(AdminJFrame.java:468)
	at GUI.AdminJFrame.access$900(AdminJFrame.java:36)
	at GUI.AdminJFrame$9.actionPerformed(AdminJFrame.java:288)
	at javax.swing.AbstractButton.fireActionPerformed(AbstractButton.java:2022)
	at javax.swing.AbstractButton$Handler.actionPerformed(AbstractButton.java:2346)
	at javax.swing.DefaultButtonModel.fireActionPerformed(DefaultButtonModel.java:402)
	at javax.swing.DefaultButtonModel.setPressed(DefaultButtonModel.java:259)
	at javax.swing.plaf.basic.BasicButtonListener.mouseReleased(BasicButtonListener.java:252)
	at java.awt.Component.processMouseEvent(Component.java:6525)
	at javax.swing.JComponent.processMouseEvent(JComponent.java:3322)
	at java.awt.Component.processEvent(Component.java:6290)
	at java.awt.Container.processEvent(Container.java:2234)
	at java.awt.Component.dispatchEventImpl(Component.java:4881)
	at java.awt.Container.dispatchEventImpl(Container.java:2292)
	at java.awt.Component.dispatchEvent(Component.java:4703)
	at java.awt.LightweightDispatcher.retargetMouseEvent(Container.java:4898)
	at java.awt.LightweightDispatcher.processMouseEvent(Container.java:4533)
	at java.awt.LightweightDispatcher.dispatchEvent(Container.java:4462)
	at java.awt.Container.dispatchEventImpl(Container.java:2278)
	at java.awt.Window.dispatchEventImpl(Window.java:2739)
	at java.awt.Component.dispatchEvent(Component.java:4703)
	at java.awt.EventQueue.dispatchEventImpl(EventQueue.java:751)
	at java.awt.EventQueue.access$500(EventQueue.java:97)
	at java.awt.EventQueue$3.run(EventQueue.java:702)
	at java.awt.EventQueue$3.run(EventQueue.java:696)
	at java.security.AccessController.doPrivileged(Native Method)
	at java.security.ProtectionDomain$1.doIntersectionPrivilege(ProtectionDomain.java:75)
	at java.security.ProtectionDomain$1.doIntersectionPrivilege(ProtectionDomain.java:86)
	at java.awt.EventQueue$4.run(EventQueue.java:724)
	at java.awt.EventQueue$4.run(EventQueue.java:722)
	at java.security.AccessController.doPrivileged(Native Method)
	at java.security.ProtectionDomain$1.doIntersectionPrivilege(ProtectionDomain.java:75)
	at java.awt.EventQueue.dispatchEvent(EventQueue.java:721)
	at java.awt.EventDispatchThread.pumpOneEventForFilters(EventDispatchThread.java:201)
	at java.awt.EventDispatchThread.pumpEventsForFilter(EventDispatchThread.java:116)
	at java.awt.EventDispatchThread.pumpEventsForHierarchy(EventDispatchThread.java:105)
	at java.awt.EventDispatchThread.pumpEvents(EventDispatchThread.java:101)
	at java.awt.EventDispatchThread.pumpEvents(EventDispatchThread.java:93)
	at java.awt.EventDispatchThread.run(EventDispatchThread.java:82)
[INFO] 2016-05-23 14:53:25,179 GUI.AdminJFrame login - Вход осуществлен под admin
[INFO] 2016-05-23 14:53:27,394 Logic.GetPatientData getMainData - Получены данные из базы
[INFO] 2016-05-23 14:53:27,738 Logic.GetPatientData getPDFData - получен pdf файл для 11
[INFO] 2016-05-23 14:55:52,499 GUI.AdminJFrame login - Вход осуществлен под admin
[INFO] 2016-05-23 14:55:55,510 Logic.GetPatientData getMainData - Получены данные из базы
[INFO] 2016-05-23 14:55:55,900 Logic.GetPatientData getPDFData - получен pdf файл для 11
[INFO] 2016-05-23 14:55:55,900 GUI.AdminJFrame createPdfDoc - pdf файл для 11сохранен
[ERROR] 2016-05-23 14:55:55,916 GUI.AdminJFrame createPdfDoc - java.lang.NullPointerException
java.lang.NullPointerException
	at GUI.AdminJFrame.createPdfDoc(AdminJFrame.java:658)
	at GUI.AdminJFrame.saveFileActionPerformed(AdminJFrame.java:468)
	at GUI.AdminJFrame.access$900(AdminJFrame.java:36)
	at GUI.AdminJFrame$9.actionPerformed(AdminJFrame.java:288)
	at javax.swing.AbstractButton.fireActionPerformed(AbstractButton.java:2022)
	at javax.swing.AbstractButton$Handler.actionPerformed(AbstractButton.java:2346)
	at javax.swing.DefaultButtonModel.fireActionPerformed(DefaultButtonModel.java:402)
	at javax.swing.DefaultButtonModel.setPressed(DefaultButtonModel.java:259)
	at javax.swing.plaf.basic.BasicButtonListener.mouseReleased(BasicButtonListener.java:252)
	at java.awt.Component.processMouseEvent(Component.java:6525)
	at javax.swing.JComponent.processMouseEvent(JComponent.java:3322)
	at java.awt.Component.processEvent(Component.java:6290)
	at java.awt.Container.processEvent(Container.java:2234)
	at java.awt.Component.dispatchEventImpl(Component.java:4881)
	at java.awt.Container.dispatchEventImpl(Container.java:2292)
	at java.awt.Component.dispatchEvent(Component.java:4703)
	at java.awt.LightweightDispatcher.retargetMouseEvent(Container.java:4898)
	at java.awt.LightweightDispatcher.processMouseEvent(Container.java:4533)
	at java.awt.LightweightDispatcher.dispatchEvent(Container.java:4462)
	at java.awt.Container.dispatchEventImpl(Container.java:2278)
	at java.awt.Window.dispatchEventImpl(Window.java:2739)
	at java.awt.Component.dispatchEvent(Component.java:4703)
	at java.awt.EventQueue.dispatchEventImpl(EventQueue.java:751)
	at java.awt.EventQueue.access$500(EventQueue.java:97)
	at java.awt.EventQueue$3.run(EventQueue.java:702)
	at java.awt.EventQueue$3.run(EventQueue.java:696)
	at java.security.AccessController.doPrivileged(Native Method)
	at java.security.ProtectionDomain$1.doIntersectionPrivilege(ProtectionDomain.java:75)
	at java.security.ProtectionDomain$1.doIntersectionPrivilege(ProtectionDomain.java:86)
	at java.awt.EventQueue$4.run(EventQueue.java:724)
	at java.awt.EventQueue$4.run(EventQueue.java:722)
	at java.security.AccessController.doPrivileged(Native Method)
	at java.security.ProtectionDomain$1.doIntersectionPrivilege(ProtectionDomain.java:75)
	at java.awt.EventQueue.dispatchEvent(EventQueue.java:721)
	at java.awt.EventDispatchThread.pumpOneEventForFilters(EventDispatchThread.java:201)
	at java.awt.EventDispatchThread.pumpEventsForFilter(EventDispatchThread.java:116)
	at java.awt.EventDispatchThread.pumpEventsForHierarchy(EventDispatchThread.java:105)
	at java.awt.EventDispatchThread.pumpEvents(EventDispatchThread.java:101)
	at java.awt.EventDispatchThread.pumpEvents(EventDispatchThread.java:93)
	at java.awt.EventDispatchThread.run(EventDispatchThread.java:82)
[INFO] 2016-05-23 14:58:53,152 GUI.AdminJFrame login - Вход осуществлен под admin
[INFO] 2016-05-23 14:58:55,148 Logic.GetPatientData getMainData - Получены данные из базы
[INFO] 2016-05-23 14:58:55,601 Logic.GetPatientData getPDFData - получен pdf файл для 11
[INFO] 2016-05-23 14:58:55,601 GUI.AdminJFrame createPdfDoc - pdf файл для 11сохранен
[INFO] 2016-05-23 15:04:57,285 GUI.AdminJFrame login - Вход осуществлен под admin
[INFO] 2016-05-23 15:04:59,876 Logic.GetPatientData getMainData - Получены данные из базы
[INFO] 2016-05-23 15:05:00,281 Logic.GetPatientData getPDFData - получен pdf файл для 11
[INFO] 2016-05-23 15:05:00,281 GUI.AdminJFrame createPdfDoc - pdf файл для 11сохранен
[INFO] 2016-05-23 15:06:04,809 GUI.AdminJFrame login - Вход осуществлен под admin
[INFO] 2016-05-23 15:06:08,085 Logic.GetPatientData getMainData - Получены данные из базы
[INFO] 2016-05-23 15:06:08,490 Logic.GetPatientData getPDFData - получен pdf файл для 11
[INFO] 2016-05-23 15:06:08,490 GUI.AdminJFrame createPdfDoc - pdf файл для 11сохранен
[INFO] 2016-05-23 15:06:58,551 GUI.AdminJFrame login - Вход осуществлен под admin
[ERROR] 2016-05-23 15:06:59,284 GUI.AdminJFrame createPdfDoc - java.lang.NullPointerException
java.lang.NullPointerException
	at GUI.AdminJFrame.createPdfDoc(AdminJFrame.java:549)
	at GUI.AdminJFrame.saveFileActionPerformed(AdminJFrame.java:468)
	at GUI.AdminJFrame.access$900(AdminJFrame.java:36)
	at GUI.AdminJFrame$9.actionPerformed(AdminJFrame.java:288)
	at javax.swing.AbstractButton.fireActionPerformed(AbstractButton.java:2022)
	at javax.swing.AbstractButton$Handler.actionPerformed(AbstractButton.java:2346)
	at javax.swing.DefaultButtonModel.fireActionPerformed(DefaultButtonModel.java:402)
	at javax.swing.DefaultButtonModel.setPressed(DefaultButtonModel.java:259)
	at javax.swing.plaf.basic.BasicButtonListener.mouseReleased(BasicButtonListener.java:252)
	at java.awt.Component.processMouseEvent(Component.java:6525)
	at javax.swing.JComponent.processMouseEvent(JComponent.java:3322)
	at java.awt.Component.processEvent(Component.java:6290)
	at java.awt.Container.processEvent(Container.java:2234)
	at java.awt.Component.dispatchEventImpl(Component.java:4881)
	at java.awt.Container.dispatchEventImpl(Container.java:2292)
	at java.awt.Component.dispatchEvent(Component.java:4703)
	at java.awt.LightweightDispatcher.retargetMouseEvent(Container.java:4898)
	at java.awt.LightweightDispatcher.processMouseEvent(Container.java:4533)
	at java.awt.LightweightDispatcher.dispatchEvent(Container.java:4462)
	at java.awt.Container.dispatchEventImpl(Container.java:2278)
	at java.awt.Window.dispatchEventImpl(Window.java:2739)
	at java.awt.Component.dispatchEvent(Component.java:4703)
	at java.awt.EventQueue.dispatchEventImpl(EventQueue.java:751)
	at java.awt.EventQueue.access$500(EventQueue.java:97)
	at java.awt.EventQueue$3.run(EventQueue.java:702)
	at java.awt.EventQueue$3.run(EventQueue.java:696)
	at java.security.AccessController.doPrivileged(Native Method)
	at java.security.ProtectionDomain$1.doIntersectionPrivilege(ProtectionDomain.java:75)
	at java.security.ProtectionDomain$1.doIntersectionPrivilege(ProtectionDomain.java:86)
	at java.awt.EventQueue$4.run(EventQueue.java:724)
	at java.awt.EventQueue$4.run(EventQueue.java:722)
	at java.security.AccessController.doPrivileged(Native Method)
	at java.security.ProtectionDomain$1.doIntersectionPrivilege(ProtectionDomain.java:75)
	at java.awt.EventQueue.dispatchEvent(EventQueue.java:721)
	at java.awt.EventDispatchThread.pumpOneEventForFilters(EventDispatchThread.java:201)
	at java.awt.EventDispatchThread.pumpEventsForFilter(EventDispatchThread.java:116)
	at java.awt.EventDispatchThread.pumpEventsForHierarchy(EventDispatchThread.java:105)
	at java.awt.EventDispatchThread.pumpEvents(EventDispatchThread.java:101)
	at java.awt.EventDispatchThread.pumpEvents(EventDispatchThread.java:93)
	at java.awt.EventDispatchThread.run(EventDispatchThread.java:82)
[INFO] 2016-05-23 15:07:11,843 GUI.AdminJFrame login - Вход осуществлен под admin
[INFO] 2016-05-23 15:07:12,997 Logic.GetPatientData getMainData - Получены данные из базы
[INFO] 2016-05-23 15:07:13,231 Logic.GetPatientData getPDFData - получен pdf файл для 11
[INFO] 2016-05-23 15:07:13,231 GUI.AdminJFrame createPdfDoc - pdf файл для 11сохранен
[INFO] 2016-05-23 19:27:57,491 GUI.AdminJFrame login - Вход осуществлен под admin
[INFO] 2016-05-23 19:28:05,697 Logic.GetPatientData getMainData - Получены данные из базы
[INFO] 2016-05-23 19:28:06,523 Logic.GetPatientData getPDFData - получен pdf файл для 11
[INFO] 2016-05-23 19:28:06,523 GUI.AdminJFrame createPdfDoc - pdf файл для 11сохранен
[INFO] 2016-05-23 19:44:51,512 GUI.AdminJFrame login - Вход осуществлен под admin
[INFO] 2016-05-23 19:44:55,073 Logic.GetPatientData getMainData - Получены данные из базы
[INFO] 2016-05-23 19:44:55,451 Logic.GetPatientData getPDFData - получен pdf файл для 11
[INFO] 2016-05-23 19:44:55,452 GUI.AdminJFrame createPdfDoc - pdf файл для 11сохранен
